<?xml version="1.0" encoding="UTF-8"?>
<!-- Generated by org.testng.reporters.JUnitReportReporter -->
<testsuite hostname="LAPTOP-VFF7T92M" failures="0" tests="3" name="testNGPack.Remo" time="0.002" errors="0" timestamp="2023-01-23T23:17:16 IST" skipped="0">
  <testcase classname="testNGPack.Remo" name="remo1" time="0.001"/>
  <system-out>
    <![CDATA[This is remo1() method]]>
  </system-out>
  <testcase classname="testNGPack.Remo" name="remo" time="0.001"/>
  <system-out>
    <![CDATA[This is remo() method]]>
  </system-out>
  <testcase classname="testNGPack.Remo" name="remo2" time="0.000"/>
  <system-out>
    <![CDATA[This is remo2() method]]>
  </system-out>
</testsuite> <!-- testNGPack.Remo -->
