<?xml version="1.0" encoding="UTF-8"?>
<!-- Generated by org.testng.reporters.JUnitReportReporter -->
<testsuite hostname="LAPTOP-VFF7T92M" failures="0" tests="3" name="testNGPackFlags.Flag3" time="0.006" errors="0" timestamp="2023-01-24T09:32:26 IST" skipped="0">
  <testcase classname="testNGPackFlags.Flag3" name="login" time="0.005"/>
  <system-out>
    <![CDATA[login method]]>
  </system-out>
  <testcase classname="testNGPackFlags.Flag3" name="userCreate" time="0.000"/>
  <system-out>
    <![CDATA[userCreate method]]>
  </system-out>
  <testcase classname="testNGPackFlags.Flag3" name="logout" time="0.001"/>
  <system-out>
    <![CDATA[logout method]]>
  </system-out>
</testsuite> <!-- testNGPackFlags.Flag3 -->
