<?xml version="1.0" encoding="UTF-8"?>
<!-- Generated by org.testng.reporters.JUnitReportReporter -->
<testsuite hostname="LAPTOP-VFF7T92M" failures="0" tests="1" name="testNGPack2.Class1" time="12.568" errors="0" timestamp="2023-01-20T14:17:57 IST" skipped="0">
  <testcase classname="testNGPack2.Class1" name="sql" time="12.568"/>
  <system-out>
    <![CDATA[Method of class]]>
  </system-out>
</testsuite> <!-- testNGPack2.Class1 -->
