<?xml version="1.0" encoding="UTF-8"?>
<!-- Generated by org.testng.reporters.JUnitReportReporter -->
<testsuite hostname="LAPTOP-VFF7T92M" failures="0" tests="3" name="testNgParallelExecution.Paralell" time="17.355" errors="0" timestamp="2023-01-24T11:18:32 IST" skipped="0">
  <testcase classname="testNgParallelExecution.Paralell" name="demo" time="5.111"/>
  <system-out/>
  <testcase classname="testNgParallelExecution.Paralell" name="demo" time="5.108"/>
  <system-out/>
  <testcase classname="testNgParallelExecution.Paralell" name="demo" time="7.136"/>
  <system-out/>
</testsuite> <!-- testNgParallelExecution.Paralell -->
