<?xml version="1.0" encoding="UTF-8"?>
<!-- Generated by org.testng.reporters.JUnitReportReporter -->
<testsuite hostname="LAPTOP-VFF7T92M" failures="0" tests="1" name="testNGPackFlags.Flag1" time="4.312" errors="0" timestamp="2023-01-24T09:16:43 IST" skipped="0">
  <testcase classname="testNGPackFlags.Flag1" name="sql" time="4.312"/>
  <system-out>
    <![CDATA[this is Slq method]]>
  </system-out>
</testsuite> <!-- testNGPackFlags.Flag1 -->
