<?xml version="1.0" encoding="UTF-8"?>
<!-- Generated by org.testng.reporters.JUnitReportReporter -->
<testsuite hostname="LAPTOP-VFF7T92M" failures="0" tests="18" name="testNGPackFlags.Flag4" time="0.013" errors="0" timestamp="2023-01-24T09:34:57 IST" skipped="0">
  <testcase classname="testNGPackFlags.Flag4" name="it1" time="0.001"/>
  <system-out>
    <![CDATA[Integration Testing1]]>
  </system-out>
  <testcase classname="testNGPackFlags.Flag4" name="it3" time="0.000"/>
  <system-out>
    <![CDATA[Integration Testing3]]>
  </system-out>
  <testcase classname="testNGPackFlags.Flag4" name="ft5" time="0.000"/>
  <system-out>
    <![CDATA[Functional Testing5]]>
  </system-out>
  <testcase classname="testNGPackFlags.Flag4" name="st5" time="0.000"/>
  <system-out>
    <![CDATA[System Testing5]]>
  </system-out>
  <testcase classname="testNGPackFlags.Flag4" name="it2" time="0.001"/>
  <system-out>
    <![CDATA[Integration Testing2]]>
  </system-out>
  <testcase classname="testNGPackFlags.Flag4" name="it6" time="0.000"/>
  <system-out>
    <![CDATA[Integration Testing6]]>
  </system-out>
  <testcase classname="testNGPackFlags.Flag4" name="ft2" time="0.000"/>
  <system-out>
    <![CDATA[Functional Testing2]]>
  </system-out>
  <testcase classname="testNGPackFlags.Flag4" name="it5" time="0.001"/>
  <system-out>
    <![CDATA[Integration Testing5]]>
  </system-out>
  <testcase classname="testNGPackFlags.Flag4" name="ft1" time="0.007"/>
  <system-out>
    <![CDATA[Functional Testing1]]>
  </system-out>
  <testcase classname="testNGPackFlags.Flag4" name="ft6" time="0.000"/>
  <system-out>
    <![CDATA[Functional Testing6]]>
  </system-out>
  <testcase classname="testNGPackFlags.Flag4" name="st1" time="0.000"/>
  <system-out>
    <![CDATA[System Testing1]]>
  </system-out>
  <testcase classname="testNGPackFlags.Flag4" name="ft4" time="0.001"/>
  <system-out>
    <![CDATA[Functional Testing4]]>
  </system-out>
  <testcase classname="testNGPackFlags.Flag4" name="st3" time="0.000"/>
  <system-out>
    <![CDATA[System Testing3]]>
  </system-out>
  <testcase classname="testNGPackFlags.Flag4" name="st2" time="0.001"/>
  <system-out>
    <![CDATA[System Testing2]]>
  </system-out>
  <testcase classname="testNGPackFlags.Flag4" name="st6" time="0.001"/>
  <system-out>
    <![CDATA[System Testing6]]>
  </system-out>
  <testcase classname="testNGPackFlags.Flag4" name="it4" time="0.000"/>
  <system-out>
    <![CDATA[Integration Testing4]]>
  </system-out>
  <testcase classname="testNGPackFlags.Flag4" name="ft3" time="0.000"/>
  <system-out>
    <![CDATA[Functional Testing3]]>
  </system-out>
  <testcase classname="testNGPackFlags.Flag4" name="st4" time="0.000"/>
  <system-out>
    <![CDATA[System Testing4]]>
  </system-out>
</testsuite> <!-- testNGPackFlags.Flag4 -->
