<?xml version="1.0" encoding="UTF-8"?>
<!-- Generated by org.testng.reporters.JUnitReportReporter -->
<testsuite hostname="LAPTOP-VFF7T92M" failures="0" tests="3" name="testNGPack.Sumo" time="0.004" errors="0" timestamp="2023-01-23T23:17:16 IST" skipped="0">
  <testcase classname="testNGPack.Sumo" name="sumo1" time="0.001"/>
  <system-out>
    <![CDATA[this is sumo1() method]]>
  </system-out>
  <testcase classname="testNGPack.Sumo" name="sumo2" time="0.001"/>
  <system-out>
    <![CDATA[this is sumo2() method]]>
  </system-out>
  <testcase classname="testNGPack.Sumo" name="sumo" time="0.002"/>
  <system-out>
    <![CDATA[This is sumo() method]]>
  </system-out>
</testsuite> <!-- testNGPack.Sumo -->
