<?xml version="1.0" encoding="UTF-8"?>
<!-- Generated by org.testng.reporters.JUnitReportReporter -->
<testsuite hostname="LAPTOP-VFF7T92M" failures="0" tests="1" name="testNGPack2.Class3" time="7.099" errors="0" timestamp="2023-01-20T14:09:16 IST" skipped="0">
  <testcase classname="testNGPack2.Class3" name="f" time="7.099"/>
  <system-out/>
</testsuite> <!-- testNGPack2.Class3 -->
