<?xml version="1.0" encoding="UTF-8"?>
<!-- Generated by org.testng.reporters.JUnitReportReporter -->
<testsuite hostname="LAPTOP-VFF7T92M" failures="0" tests="6" name="testNGPack.TestValidLogin2" time="35.352" errors="0" timestamp="2023-01-24T17:48:53 IST" skipped="0">
  <testcase classname="testNGPack.TestValidLogin2" name="setUp" time="5.650"/>
  <system-out/>
  <testcase classname="testNGPack.TestValidLogin2" name="setUp" time="6.667"/>
  <system-out/>
  <testcase classname="testNGPack.TestValidLogin2" name="setUp" time="5.859"/>
  <system-out/>
  <testcase classname="testNGPack.TestValidLogin2" name="setUp" time="5.771"/>
  <system-out/>
  <testcase classname="testNGPack.TestValidLogin2" name="setUp" time="5.586"/>
  <system-out/>
  <testcase classname="testNGPack.TestValidLogin2" name="setUp" time="5.819"/>
  <system-out/>
</testsuite> <!-- testNGPack.TestValidLogin2 -->
