<?xml version="1.0" encoding="UTF-8"?>
<!-- Generated by org.testng.reporters.JUnitReportReporter -->
<testsuite hostname="LAPTOP-VFF7T92M" failures="0" tests="1" name="testNGPack.BaseTest" time="3.593" errors="0" timestamp="2023-01-24T16:12:57 IST" skipped="0">
  <testcase classname="testNGPack.BaseTest" name="validLoin" time="3.593"/>
  <system-out/>
</testsuite> <!-- testNGPack.BaseTest -->
