<?xml version="1.0" encoding="UTF-8"?>
<!-- Generated by org.testng.reporters.JUnitReportReporter -->
<testsuite hostname="LAPTOP-VFF7T92M" failures="0" tests="5" name="testNGPackFlags.Flag2" time="100.931" errors="0" timestamp="2023-01-24T09:27:44 IST" skipped="0">
  <testcase classname="testNGPackFlags.Flag2" name="invocationCount" time="19.526"/>
  <system-out>
    <![CDATA[this is invocationCount method]]>
  </system-out>
  <testcase classname="testNGPackFlags.Flag2" name="invocationCount" time="20.388"/>
  <system-out>
    <![CDATA[this is invocationCount method]]>
  </system-out>
  <testcase classname="testNGPackFlags.Flag2" name="invocationCount" time="21.389"/>
  <system-out>
    <![CDATA[this is invocationCount method]]>
  </system-out>
  <testcase classname="testNGPackFlags.Flag2" name="invocationCount" time="20.067"/>
  <system-out>
    <![CDATA[this is invocationCount method]]>
  </system-out>
  <testcase classname="testNGPackFlags.Flag2" name="invocationCount" time="19.561"/>
  <system-out>
    <![CDATA[this is invocationCount method]]>
  </system-out>
</testsuite> <!-- testNGPackFlags.Flag2 -->
